<?xml version="1.0" encoding="UTF-8"?>
<robot generator="Robot 7.4.2 (Python 3.14.3 on win32)" generated="2026-05-05T18:45:18.444854" rpa="false" schemaversion="5">
<suite id="s1" name="Test" source="C:\Users\VitaMeleshko\PycharmProjects\dqe-automation\Robot Framework\test.robot">
<test id="s1-t1" name="HTML table should match Parquet data" line="11">
<kw name="Open Browser" owner="SeleniumLibrary">
<msg time="2026-05-05T18:45:18.917365" level="INFO">Opening browser 'Chrome' to base url 'file://C:\Users\VitaMeleshko\PycharmProjects\dqe-automation\Robot Framework\report.html'.</msg>
<arg>file://${REPORT_FILE}</arg>
<arg>Chrome</arg>
<doc>Opens a new browser instance to the optional ``url``.</doc>
<status status="PASS" start="2026-05-05T18:45:18.917151" elapsed="3.721877"/>
</kw>
<kw name="Get WebElement" owner="SeleniumLibrary">
<msg time="2026-05-05T18:45:22.760657" level="INFO">${table_element} = &lt;selenium.webdriver.remote.webelement.WebElement (session="f55f84a5a9cab8c36398067ae6367b41", element="f.2170E4087C76EA8ACD967DD3FBB0F9BF.d.8A762DAC9A46D0470986D39BF7F1243F.e.2")&gt;</msg>
<var>${table_element}</var>
<arg>class:table</arg>
<doc>Returns the first WebElement matching the given ``locator``.</doc>
<status status="PASS" start="2026-05-05T18:45:22.639442" elapsed="0.121266"/>
</kw>
<kw name="Read Html Table To Df" owner="helper">
<msg time="2026-05-05T18:45:23.539166" level="INFO">${html_df} =        Facility Type  Visit Date  Average Time Spent
0   Specialty Center  2026-04-17               30.50
1           Hospital  2026-04-17               27.50
2             Clinic  2026-04-17         ...</msg>
<var>${html_df}</var>
<arg>${table_element}</arg>
<status status="PASS" start="2026-05-05T18:45:22.761110" elapsed="0.778103"/>
</kw>
<kw name="Read Parquet To Df" owner="helper">
<msg time="2026-05-05T18:45:24.065637" level="INFO">${pq_df} =           Facility Type  Visit Date  Average Time Spent
25327            Clinic  2026-04-11               18.50
25328  Specialty Center  2026-04-11               41.00
25329  Specialty Center  2026-04...</msg>
<var>${pq_df}</var>
<arg>${PARQUET_FOLDER}</arg>
<arg>${FILTER_DATE}</arg>
<status status="PASS" start="2026-05-05T18:45:23.539474" elapsed="0.526213"/>
</kw>
<kw name="Compare Dataframes" owner="helper">
<msg time="2026-05-05T18:45:24.069244" level="INFO">${match} = True</msg>
<msg time="2026-05-05T18:45:24.069292" level="INFO">${diff} = </msg>
<var>${match}</var>
<var>${diff}</var>
<arg>${html_df}</arg>
<arg>${pq_df}</arg>
<status status="PASS" start="2026-05-05T18:45:24.066214" elapsed="0.003095"/>
</kw>
<kw name="Run Keyword If" owner="BuiltIn">
<arg>not ${match}</arg>
<arg>Fail</arg>
<arg>Data mismatch:\n${diff}</arg>
<doc>Runs the given keyword with the given arguments, if ``condition`` is true.</doc>
<status status="PASS" start="2026-05-05T18:45:24.069677" elapsed="0.000357"/>
</kw>
<kw name="Close Browser" owner="SeleniumLibrary" type="TEARDOWN">
<doc>Closes the current browser.</doc>
<status status="PASS" start="2026-05-05T18:45:24.070415" elapsed="2.164020"/>
</kw>
<status status="PASS" start="2026-05-05T18:45:18.916468" elapsed="7.318377"/>
</test>
<status status="PASS" start="2026-05-05T18:45:18.445906" elapsed="7.789655"/>
</suite>
<statistics>
<total>
<stat pass="1" fail="0" skip="0">All Tests</stat>
</total>
<tag>
</tag>
<suite>
<stat name="Test" id="s1" pass="1" fail="0" skip="0">Test</stat>
</suite>
</statistics>
<errors>
</errors>
</robot>
